[debug] [2023-02-01T16:46:25.921Z] ----------------------------------------------------------------------
[debug] [2023-02-01T16:46:25.922Z] Command:       C:\Program Files\nodejs\node.exe C:\Users\dimit\AppData\Roaming\npm\node_modules\firebase-tools\lib\bin\firebase.js init
[debug] [2023-02-01T16:46:25.923Z] CLI Version:   11.22.0
[debug] [2023-02-01T16:46:25.923Z] Platform:      win32
[debug] [2023-02-01T16:46:25.923Z] Node Version:  v18.13.0
[debug] [2023-02-01T16:46:25.924Z] Time:          Wed Feb 01 2023 18:46:25 GMT+0200 (Eastern European Standard Time)
[debug] [2023-02-01T16:46:25.924Z] ----------------------------------------------------------------------
[debug] 
[debug] [2023-02-01T16:46:25.972Z] > command requires scopes: ["email","openid","https://www.googleapis.com/auth/cloudplatformprojects.readonly","https://www.googleapis.com/auth/firebase","https://www.googleapis.com/auth/cloud-platform"]
[debug] [2023-02-01T16:46:25.972Z] > authorizing via signed-in user (dimitarbelchev98@gmail.com)
[info] 
     ######## #### ########  ######## ########     ###     ######  ########
     ##        ##  ##     ## ##       ##     ##  ##   ##  ##       ##
     ######    ##  ########  ######   ########  #########  ######  ######
     ##        ##  ##    ##  ##       ##     ## ##     ##       ## ##
     ##       #### ##     ## ######## ########  ##     ##  ######  ########

You're about to initialize a Firebase project in this directory:

  C:\Projects\Firebase-React-Blog\firebase-blog

Before we get started, keep in mind:

  * You are currently outside your home directory
  * You are initializing within an existing Firebase project directory

[info] 
=== Project Setup
[info] 
[info] First, let's associate this project directory with a Firebase project.
[info] You can create multiple project aliases by running firebase use --add, 
[info] but for now we'll just set up a default project.
[info] 
[debug] [2023-02-01T16:46:37.724Z] Using project from CLI flag: fir-react-blog-edf23
[debug] [2023-02-01T16:46:37.726Z] >>> [apiv2][query] GET https://firebase.googleapis.com/v1beta1/projects/fir-react-blog-edf23 [none]
[debug] [2023-02-01T16:46:38.073Z] <<< [apiv2][status] GET https://firebase.googleapis.com/v1beta1/projects/fir-react-blog-edf23 200
[debug] [2023-02-01T16:46:38.073Z] <<< [apiv2][body] GET https://firebase.googleapis.com/v1beta1/projects/fir-react-blog-edf23 {"projectId":"fir-react-blog-edf23","projectNumber":"110086287392","displayName":"firebase-react-blog","name":"projects/fir-react-blog-edf23","resources":{"hostingSite":"fir-react-blog-edf23","storageBucket":"fir-react-blog-edf23.appspot.com","locationId":"europe-west"},"state":"ACTIVE","etag":"1_e1637778-d9f2-413c-b06a-84a98adc249d"}
[info] i  Using project fir-react-blog-edf23 (firebase-react-blog) 
[info] 
=== Hosting Setup
[info] 
[info] Your public directory is the folder (relative to your project directory) that
[info] will contain Hosting assets to be uploaded with firebase deploy. If you
[info] have a build process for your assets, use your build's output directory.
[info] 
[debug] [2023-02-01T16:46:57.962Z] >>> [apiv2][query] GET https://www.gstatic.com/firebasejs/releases.json [none]
[debug] [2023-02-01T16:46:58.043Z] <<< [apiv2][status] GET https://www.gstatic.com/firebasejs/releases.json 200
[debug] [2023-02-01T16:46:58.043Z] <<< [apiv2][body] GET https://www.gstatic.com/firebasejs/releases.json {"current":{"version":"9.16.0","browserURL":"https://www.gstatic.com/firebasejs/9.16.0/firebase.js","packageURL":"https://www.gstatic.com/firebasejs/9.16.0/firebase.tgz"},"live":{"version":"9.16","browserURL":"https://www.gstatic.com/firebasejs/live/9.16/firebase.js","packageURL":"https://www.gstatic.com/firebasejs/live/9.16/firebase.tgz"},"components":{"analytics":"https://www.gstatic.com/firebasejs/9.16.0/firebase-analytics.js","app":"https://www.gstatic.com/firebasejs/9.16.0/firebase-app.js","app-check":"https://www.gstatic.com/firebasejs/9.16.0/firebase-app-check.js","auth":"https://www.gstatic.com/firebasejs/9.16.0/firebase-auth.js","auth/cordova":"https://www.gstatic.com/firebasejs/9.16.0/firebase-auth/cordova.js","auth/react-native":"https://www.gstatic.com/firebasejs/9.16.0/firebase-auth/react-native.js","functions":"https://www.gstatic.com/firebasejs/9.16.0/firebase-functions.js","firestore":"https://www.gstatic.com/firebasejs/9.16.0/firebase-firestore.js","firestore/lite":"https://www.gstatic.com/firebasejs/9.16.0/firebase-firestore/lite.js","installations":"https://www.gstatic.com/firebasejs/9.16.0/firebase-installations.js","storage":"https://www.gstatic.com/firebasejs/9.16.0/firebase-storage.js","performance":"https://www.gstatic.com/firebasejs/9.16.0/firebase-performance.js","remote-config":"https://www.gstatic.com/firebasejs/9.16.0/firebase-remote-config.js","messaging":"https://www.gstatic.com/firebasejs/9.16.0/firebase-messaging.js","messaging/sw":"https://www.gstatic.com/firebasejs/9.16.0/firebase-messaging/sw.js","database":"https://www.gstatic.com/firebasejs/9.16.0/firebase-database.js","firestore.memory":"https://www.gstatic.com/firebasejs/9.16.0/firebase-firestore.memory.js"}}
[info] +  Wrote build/index.html 
[info] 
[info] i  Detected a .git folder at C:\Projects\Firebase-React-Blog 
[info] i  Authorizing with GitHub to upload your service account to a GitHub repository's secrets store. 
[info] 
[info] Visit this URL on this device to log in:
[info] https://github.com/login/oauth/authorize?client_id=89cf50f02ac6aaed3484&state=720527756&redirect_uri=http%3A%2F%2Flocalhost%3A9005&scope=read%3Auser%20repo%20public_repo
[info] 
[info] Waiting for authentication...
[debug] [2023-02-01T16:47:03.952Z] >>> [apiv2][query] POST https://github.com/login/oauth/access_token [none]
[debug] [2023-02-01T16:47:03.952Z] >>> [apiv2][body] POST https://github.com/login/oauth/access_token [stream]
[debug] [2023-02-01T16:47:04.299Z] <<< [apiv2][status] POST https://github.com/login/oauth/access_token 200
[debug] [2023-02-01T16:47:04.299Z] <<< [apiv2][body] POST https://github.com/login/oauth/access_token {"access_token":"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","token_type":"bearer","scope":"read:user,repo"}
[debug] [2023-02-01T16:47:04.301Z] >>> [apiv2][query] GET https://api.github.com/user [none]
[debug] [2023-02-01T16:47:04.727Z] <<< [apiv2][status] GET https://api.github.com/user 200
[debug] [2023-02-01T16:47:04.727Z] <<< [apiv2][body] GET https://api.github.com/user {"login":"DimitarBelchev","id":52967149,"node_id":"MDQ6VXNlcjUyOTY3MTQ5","avatar_url":"https://avatars.githubusercontent.com/u/52967149?v=4","gravatar_id":"","url":"https://api.github.com/users/DimitarBelchev","html_url":"https://github.com/DimitarBelchev","followers_url":"https://api.github.com/users/DimitarBelchev/followers","following_url":"https://api.github.com/users/DimitarBelchev/following{/other_user}","gists_url":"https://api.github.com/users/DimitarBelchev/gists{/gist_id}","starred_url":"https://api.github.com/users/DimitarBelchev/starred{/owner}{/repo}","subscriptions_url":"https://api.github.com/users/DimitarBelchev/subscriptions","organizations_url":"https://api.github.com/users/DimitarBelchev/orgs","repos_url":"https://api.github.com/users/DimitarBelchev/repos","events_url":"https://api.github.com/users/DimitarBelchev/events{/privacy}","received_events_url":"https://api.github.com/users/DimitarBelchev/received_events","type":"User","site_admin":false,"name":null,"company":null,"blog":"","location":"Plovdiv,Bulgaria","email":null,"hireable":null,"bio":"Working hard to become a web developer. I love solving problems.","twitter_username":null,"public_repos":11,"public_gists":0,"followers":4,"following":2,"created_at":"2019-07-16T14:14:16Z","updated_at":"2023-01-31T08:53:23Z","private_gists":0,"total_private_repos":5,"owned_private_repos":5,"disk_usage":346659,"collaborators":0,"two_factor_authentication":false,"plan":{"name":"free","space":976562499,"collaborators":0,"private_repos":10000}}
[info] 
[info] +  Success! Logged into GitHub as DimitarBelchev 
[info] 
